<?xml version="1.0" encoding="UTF-8"?>
<!-- Generated by org.testng.reporters.JUnitReportReporter -->
<testsuite hostname="LAPTOP-5VJ5O17R" failures="0" tests="1" name="com.ExyDoc.TestClasses.TC003_Verify_Logout_Functionality" time="5.296" errors="0" timestamp="2024-04-28T22:38:26 IST" skipped="0">
  <testcase classname="com.ExyDoc.TestClasses.TC003_Verify_Logout_Functionality" name="verify_Logout_Functionality" time="5.296"/>
  <system-out/>
</testsuite> <!-- com.ExyDoc.TestClasses.TC003_Verify_Logout_Functionality -->
