<?xml version="1.0" encoding="UTF-8"?>
<!-- Generated by org.testng.reporters.JUnitReportReporter -->
<testsuite hostname="LAPTOP-5VJ5O17R" failures="0" tests="1" name="com.ExyDoc.TestClasses.TC001_VerifyLoginFunctionality" time="1.531" errors="0" timestamp="2024-04-28T22:38:26 IST" skipped="0">
  <testcase classname="com.ExyDoc.TestClasses.TC001_VerifyLoginFunctionality" name="verify_Login_Functionality" time="1.531"/>
  <system-out/>
</testsuite> <!-- com.ExyDoc.TestClasses.TC001_VerifyLoginFunctionality -->
