<?xml version="1.0" encoding="UTF-8"?>
<!-- Generated by org.testng.reporters.JUnitReportReporter -->
<testsuite hostname="LAPTOP-5VJ5O17R" failures="0" tests="1" name="com.ExyDoc.TestClasses.T004_Verify_Add_Group_Address_Functionality" time="7.427" errors="0" timestamp="2024-04-28T22:07:43 IST" skipped="0">
  <testcase classname="com.ExyDoc.TestClasses.T004_Verify_Add_Group_Address_Functionality" name="verify_Add_Group_Address_Functionality" time="7.427"/>
  <system-out/>
</testsuite> <!-- com.ExyDoc.TestClasses.T004_Verify_Add_Group_Address_Functionality -->
